<?xml version="1.0" encoding="UTF-8"?>
<!-- Generated by org.testng.reporters.JUnitXMLReporter -->
<testsuite hostname="GENIUS" name="Test" tests="4" failures="0" timestamp="15 Oct 2017 09:20:25 GMT" time="70.482" errors="0">
  <testcase name="runFeature" time="29.23" classname="runner.TestNgRunner"/>
  <testcase name="runFeature" time="30.207" classname="runner.TestNgRunner"/>
  <testcase name="runFeature" time="24.304" classname="runner.TestNgRunner"/>
  <testcase name="runFeature" time="39.502" classname="runner.TestNgRunner"/>
</testsuite> <!-- Test -->
